<?xml version="1.0" encoding="UTF-8"?>
<!-- Generated by org.testng.reporters.JUnitReportReporter -->
<testsuite skipped="0" hostname="Ramachandra" name="testNg_dataprovider.Dataprovider" tests="3" failures="0" timestamp="03 Nov 2019 11:42:10 GMT" time="0.032" errors="0">
  <testcase name="getdata" time="0.016" classname="testNg_dataprovider.Dataprovider"/>
  <testcase name="getdata" time="0.000" classname="testNg_dataprovider.Dataprovider"/>
  <testcase name="getdata" time="0.016" classname="testNg_dataprovider.Dataprovider"/>
</testsuite> <!-- testNg_dataprovider.Dataprovider -->
