<?xml version="1.0" encoding="UTF-8"?>
<!-- Generated by org.testng.reporters.JUnitReportReporter -->
<testsuite skipped="0" hostname="Ramachandra" name="TestNg_2.CreditCard" tests="3" failures="0" timestamp="06 Oct 2019 11:28:32 GMT" time="0.009" errors="0">
  <testcase name="creditcard_mobile" time="0.003" classname="TestNg_2.CreditCard"/>
  <testcase name="creditcard_Web" time="0.002" classname="TestNg_2.CreditCard"/>
  <testcase name="creditcard_api" time="0.004" classname="TestNg_2.CreditCard"/>
</testsuite> <!-- TestNg_2.CreditCard -->
