<?xml version="1.0" encoding="UTF-8"?>
<!-- Generated by org.testng.reporters.JUnitReportReporter -->
<testsuite skipped="0" hostname="Ramachandra" name="testNg_practice.TwowheelerLoan" tests="3" failures="0" timestamp="06 Oct 2019 11:28:32 GMT" time="0.014" errors="0">
  <testcase name="TwowheelerLoan_web" time="0.003" classname="testNg_practice.TwowheelerLoan"/>
  <testcase name="TwowheelerLoan_api" time="0.003" classname="testNg_practice.TwowheelerLoan"/>
  <testcase name="TwowheelerLoan_mobile" time="0.008" classname="testNg_practice.TwowheelerLoan"/>
</testsuite> <!-- testNg_practice.TwowheelerLoan -->
