<?xml version="1.0" encoding="UTF-8"?>
<!-- Generated by org.testng.reporters.JUnitReportReporter -->
<testsuite skipped="0" hostname="Ramachandra" name="testNg_practice.Homeloan" tests="3" failures="0" timestamp="06 Oct 2019 11:28:32 GMT" time="0.005" errors="0">
  <testcase name="homeLoan_mobile" time="0.001" classname="testNg_practice.Homeloan"/>
  <testcase name="homeLoan_web" time="0.002" classname="testNg_practice.Homeloan"/>
  <testcase name="homeLoan_api" time="0.002" classname="testNg_practice.Homeloan"/>
</testsuite> <!-- testNg_practice.Homeloan -->
