<?xml version="1.0" encoding="UTF-8"?>
<!-- Generated by org.testng.reporters.JUnitReportReporter -->
<testsuite skipped="0" hostname="Ramachandra" name="testNg_practice.Basic_class" tests="1" failures="0" timestamp="30 Sep 2019 17:23:36 GMT" time="0.021" errors="0">
  <testcase name="basicTestNg" time="0.021" classname="testNg_practice.Basic_class"/>
</testsuite> <!-- testNg_practice.Basic_class -->
