<?xml version="1.0" encoding="UTF-8"?>
<!-- Generated by org.testng.reporters.JUnitReportReporter -->
<testsuite skipped="0" hostname="Ramachandra" name="testNg_practice.Carloan" tests="3" failures="0" timestamp="06 Oct 2019 11:28:32 GMT" time="0.017" errors="0">
  <testcase name="carLoan_web" time="0.003" classname="testNg_practice.Carloan"/>
  <testcase name="carLoan_mobile" time="0.002" classname="testNg_practice.Carloan"/>
  <testcase name="carLoan_api" time="0.012" classname="testNg_practice.Carloan"/>
</testsuite> <!-- testNg_practice.Carloan -->
