<?xml version="1.0" encoding="UTF-8"?>
<!-- Generated by org.testng.reporters.JUnitReportReporter -->
<testsuite skipped="0" hostname="Ramachandra" name="testNg_practice.PersonalLoan" tests="3" failures="0" timestamp="06 Oct 2019 11:28:32 GMT" time="0.006" errors="0">
  <testcase name="personalLoan_mobile" time="0.003" classname="testNg_practice.PersonalLoan"/>
  <testcase name="personalLoan_web" time="0.001" classname="testNg_practice.PersonalLoan"/>
  <testcase name="personalLoan_api" time="0.002" classname="testNg_practice.PersonalLoan"/>
</testsuite> <!-- testNg_practice.PersonalLoan -->
