<?xml version="1.0" encoding="UTF-8"?>
<!-- Generated by org.testng.reporters.JUnitReportReporter -->
<testsuite skipped="0" hostname="Ramachandra" name="Website.SuturdayOffers.Operation" tests="1" failures="0" timestamp="2019-10-12T22:13:40 IST" time="0.000" errors="0">
  <testcase name="opration" time="0.000" classname="Website.SuturdayOffers.Operation"/>
</testsuite> <!-- Website.SuturdayOffers.Operation -->
