<?xml version="1.0" encoding="UTF-8"?>
<!-- Generated by org.testng.reporters.JUnitReportReporter -->
<testsuite skipped="0" hostname="Ramachandra" name="Website.SuturdayOffers.OperationTest" tests="1" failures="0" timestamp="2019-10-12T19:30:04 IST" time="0.013" errors="0">
  <testcase name="opration" time="0.013" classname="Website.SuturdayOffers.OperationTest"/>
</testsuite> <!-- Website.SuturdayOffers.OperationTest -->
