<?xml version="1.0" encoding="UTF-8"?>
<!-- Generated by org.testng.reporters.JUnitReportReporter -->
<testsuite skipped="0" hostname="Ramachandra" name="basics_TestNg.Login_module" tests="3" failures="0" timestamp="10 Aug 2019 12:53:14 GMT" time="0.025" errors="0">
  <testcase name="webLogin" time="0.004" classname="basics_TestNg.Login_module"/>
  <testcase name="apiLogin" time="0.016" classname="basics_TestNg.Login_module"/>
  <testcase name="mobileLogin" time="0.005" classname="basics_TestNg.Login_module"/>
</testsuite> <!-- basics_TestNg.Login_module -->
