<?xml version="1.0" encoding="UTF-8"?>
<!-- Generated by org.testng.reporters.JUnitReportReporter -->
<testsuite skipped="0" hostname="Ramachandra" name="basics_TestNg.Logout_module" tests="2" failures="0" timestamp="10 Aug 2019 12:53:14 GMT" time="0.007" errors="0">
  <testcase name="webLogout" time="0.002" classname="basics_TestNg.Logout_module"/>
  <testcase name="apiLogout" time="0.005" classname="basics_TestNg.Logout_module"/>
</testsuite> <!-- basics_TestNg.Logout_module -->
